[0.567s] Invoking command in '/home/susana/ros2_ws/src/my_robot_controller': PYTHONPATH=/home/susana/ros2_ws/build/my_robot_controller/prefix_override:/usr/lib/python3/dist-packages/colcon_core/task/python/colcon_distutils_commands:/home/susana/ros2_ws/install/my_robot_controller/lib/python3.10/site-packages:${PYTHONPATH} /usr/bin/python3 -W ignore:setup.py install is deprecated -W ignore:easy_install command is deprecated setup.py egg_info --egg-base ../../build/my_robot_controller build --build-base /home/susana/ros2_ws/build/my_robot_controller/build install --record /home/susana/ros2_ws/build/my_robot_controller/install.log --single-version-externally-managed install_data
[0.788s] running egg_info
[0.788s] writing ../../build/my_robot_controller/my_robot_controller.egg-info/PKG-INFO
[0.789s] writing dependency_links to ../../build/my_robot_controller/my_robot_controller.egg-info/dependency_links.txt
[0.789s] writing entry points to ../../build/my_robot_controller/my_robot_controller.egg-info/entry_points.txt
[0.790s] writing requirements to ../../build/my_robot_controller/my_robot_controller.egg-info/requires.txt
[0.790s] writing top-level names to ../../build/my_robot_controller/my_robot_controller.egg-info/top_level.txt
[0.792s] reading manifest file '../../build/my_robot_controller/my_robot_controller.egg-info/SOURCES.txt'
[0.793s] writing manifest file '../../build/my_robot_controller/my_robot_controller.egg-info/SOURCES.txt'
[0.793s] running build
[0.793s] running build_py
[0.794s] copying my_robot_controller/turtle_controller_test_vii.py -> /home/susana/ros2_ws/build/my_robot_controller/build/lib/my_robot_controller
[0.794s] running install
[0.795s] running install_lib
[0.795s] copying /home/susana/ros2_ws/build/my_robot_controller/build/lib/my_robot_controller/turtle_controller_test_vii.py -> /home/susana/ros2_ws/install/my_robot_controller/lib/python3.10/site-packages/my_robot_controller
[0.796s] byte-compiling /home/susana/ros2_ws/install/my_robot_controller/lib/python3.10/site-packages/my_robot_controller/turtle_controller_test_vii.py to turtle_controller_test_vii.cpython-310.pyc
[0.797s] running install_data
[0.797s] running install_egg_info
[0.799s] removing '/home/susana/ros2_ws/install/my_robot_controller/lib/python3.10/site-packages/my_robot_controller-0.0.0-py3.10.egg-info' (and everything under it)
[0.799s] Copying ../../build/my_robot_controller/my_robot_controller.egg-info to /home/susana/ros2_ws/install/my_robot_controller/lib/python3.10/site-packages/my_robot_controller-0.0.0-py3.10.egg-info
[0.800s] running install_scripts
[0.819s] Installing draw_circle script to /home/susana/ros2_ws/install/my_robot_controller/lib/my_robot_controller
[0.820s] Installing pose_subscriber script to /home/susana/ros2_ws/install/my_robot_controller/lib/my_robot_controller
[0.820s] Installing test_node script to /home/susana/ros2_ws/install/my_robot_controller/lib/my_robot_controller
[0.821s] Installing turtle_controller script to /home/susana/ros2_ws/install/my_robot_controller/lib/my_robot_controller
[0.821s] Installing turtle_controller_test script to /home/susana/ros2_ws/install/my_robot_controller/lib/my_robot_controller
[0.822s] Installing turtle_controller_test_vii script to /home/susana/ros2_ws/install/my_robot_controller/lib/my_robot_controller
[0.822s] writing list of installed files to '/home/susana/ros2_ws/build/my_robot_controller/install.log'
[0.850s] Invoked command in '/home/susana/ros2_ws/src/my_robot_controller' returned '0': PYTHONPATH=/home/susana/ros2_ws/build/my_robot_controller/prefix_override:/usr/lib/python3/dist-packages/colcon_core/task/python/colcon_distutils_commands:/home/susana/ros2_ws/install/my_robot_controller/lib/python3.10/site-packages:${PYTHONPATH} /usr/bin/python3 -W ignore:setup.py install is deprecated -W ignore:easy_install command is deprecated setup.py egg_info --egg-base ../../build/my_robot_controller build --build-base /home/susana/ros2_ws/build/my_robot_controller/build install --record /home/susana/ros2_ws/build/my_robot_controller/install.log --single-version-externally-managed install_data
