[0.478s] Invoking command in '/home/susana/ros2_ws/src/my_robot_controller': PYTHONPATH=/home/susana/ros2_ws/build/my_robot_controller/prefix_override:/usr/lib/python3/dist-packages/colcon_core/task/python/colcon_distutils_commands:/home/susana/ros2_ws/install/my_robot_controller/lib/python3.10/site-packages:${PYTHONPATH} /usr/bin/python3 -W ignore:setup.py install is deprecated -W ignore:easy_install command is deprecated setup.py egg_info --egg-base ../../build/my_robot_controller build --build-base /home/susana/ros2_ws/build/my_robot_controller/build install --record /home/susana/ros2_ws/build/my_robot_controller/install.log --single-version-externally-managed install_data
[0.693s] running egg_info
[0.694s] writing ../../build/my_robot_controller/my_robot_controller.egg-info/PKG-INFO
[0.695s] writing dependency_links to ../../build/my_robot_controller/my_robot_controller.egg-info/dependency_links.txt
[0.696s] writing entry points to ../../build/my_robot_controller/my_robot_controller.egg-info/entry_points.txt
[0.696s] writing requirements to ../../build/my_robot_controller/my_robot_controller.egg-info/requires.txt
[0.696s] writing top-level names to ../../build/my_robot_controller/my_robot_controller.egg-info/top_level.txt
[0.698s] reading manifest file '../../build/my_robot_controller/my_robot_controller.egg-info/SOURCES.txt'
[0.700s] writing manifest file '../../build/my_robot_controller/my_robot_controller.egg-info/SOURCES.txt'
[0.700s] running build
[0.700s] running build_py
[0.700s] copying my_robot_controller/turtle_controller_test_vii.py -> /home/susana/ros2_ws/build/my_robot_controller/build/lib/my_robot_controller
[0.701s] running install
[0.701s] running install_lib
[0.702s] copying /home/susana/ros2_ws/build/my_robot_controller/build/lib/my_robot_controller/turtle_controller_test_vii.py -> /home/susana/ros2_ws/install/my_robot_controller/lib/python3.10/site-packages/my_robot_controller
[0.703s] byte-compiling /home/susana/ros2_ws/install/my_robot_controller/lib/python3.10/site-packages/my_robot_controller/turtle_controller_test_vii.py to turtle_controller_test_vii.cpython-310.pyc
[0.706s] running install_data
[0.706s] running install_egg_info
[0.708s] removing '/home/susana/ros2_ws/install/my_robot_controller/lib/python3.10/site-packages/my_robot_controller-0.0.0-py3.10.egg-info' (and everything under it)
[0.709s] Copying ../../build/my_robot_controller/my_robot_controller.egg-info to /home/susana/ros2_ws/install/my_robot_controller/lib/python3.10/site-packages/my_robot_controller-0.0.0-py3.10.egg-info
[0.709s] running install_scripts
[0.731s] Installing draw_circle script to /home/susana/ros2_ws/install/my_robot_controller/lib/my_robot_controller
[0.732s] Installing pose_subscriber script to /home/susana/ros2_ws/install/my_robot_controller/lib/my_robot_controller
[0.732s] Installing test_node script to /home/susana/ros2_ws/install/my_robot_controller/lib/my_robot_controller
[0.732s] Installing turtle_controller script to /home/susana/ros2_ws/install/my_robot_controller/lib/my_robot_controller
[0.732s] Installing turtle_controller_test script to /home/susana/ros2_ws/install/my_robot_controller/lib/my_robot_controller
[0.733s] Installing turtle_controller_test_vii script to /home/susana/ros2_ws/install/my_robot_controller/lib/my_robot_controller
[0.733s] writing list of installed files to '/home/susana/ros2_ws/build/my_robot_controller/install.log'
[0.769s] Invoked command in '/home/susana/ros2_ws/src/my_robot_controller' returned '0': PYTHONPATH=/home/susana/ros2_ws/build/my_robot_controller/prefix_override:/usr/lib/python3/dist-packages/colcon_core/task/python/colcon_distutils_commands:/home/susana/ros2_ws/install/my_robot_controller/lib/python3.10/site-packages:${PYTHONPATH} /usr/bin/python3 -W ignore:setup.py install is deprecated -W ignore:easy_install command is deprecated setup.py egg_info --egg-base ../../build/my_robot_controller build --build-base /home/susana/ros2_ws/build/my_robot_controller/build install --record /home/susana/ros2_ws/build/my_robot_controller/install.log --single-version-externally-managed install_data
