[1.537s] Invoking command in '/home/susana/PEC/src/my_robot_controller': PYTHONPATH=/home/susana/PEC/build/my_robot_controller/prefix_override:/usr/lib/python3/dist-packages/colcon_core/task/python/colcon_distutils_commands:/home/susana/PEC/install/my_robot_controller/lib/python3.10/site-packages:${PYTHONPATH} /usr/bin/python3 -W ignore:setup.py install is deprecated -W ignore:easy_install command is deprecated setup.py egg_info --egg-base ../../build/my_robot_controller build --build-base /home/susana/PEC/build/my_robot_controller/build install --record /home/susana/PEC/build/my_robot_controller/install.log --single-version-externally-managed install_data
[2.115s] running egg_info
[2.116s] writing ../../build/my_robot_controller/my_robot_controller.egg-info/PKG-INFO
[2.119s] writing dependency_links to ../../build/my_robot_controller/my_robot_controller.egg-info/dependency_links.txt
[2.121s] writing entry points to ../../build/my_robot_controller/my_robot_controller.egg-info/entry_points.txt
[2.124s] writing requirements to ../../build/my_robot_controller/my_robot_controller.egg-info/requires.txt
[2.125s] writing top-level names to ../../build/my_robot_controller/my_robot_controller.egg-info/top_level.txt
[2.133s] reading manifest file '../../build/my_robot_controller/my_robot_controller.egg-info/SOURCES.txt'
[2.142s] writing manifest file '../../build/my_robot_controller/my_robot_controller.egg-info/SOURCES.txt'
[2.142s] running build
[2.143s] running build_py
[2.143s] running install
[2.144s] running install_lib
[2.148s] running install_data
[2.148s] running install_egg_info
[2.151s] removing '/home/susana/PEC/install/my_robot_controller/lib/python3.10/site-packages/my_robot_controller-0.0.0-py3.10.egg-info' (and everything under it)
[2.153s] Copying ../../build/my_robot_controller/my_robot_controller.egg-info to /home/susana/PEC/install/my_robot_controller/lib/python3.10/site-packages/my_robot_controller-0.0.0-py3.10.egg-info
[2.154s] running install_scripts
[2.203s] Installing draw_circle script to /home/susana/PEC/install/my_robot_controller/lib/my_robot_controller
[2.203s] Installing pose_subscriber script to /home/susana/PEC/install/my_robot_controller/lib/my_robot_controller
[2.204s] Installing test_node script to /home/susana/PEC/install/my_robot_controller/lib/my_robot_controller
[2.205s] Installing turtle_controller script to /home/susana/PEC/install/my_robot_controller/lib/my_robot_controller
[2.206s] Installing turtle_controller_test script to /home/susana/PEC/install/my_robot_controller/lib/my_robot_controller
[2.207s] Installing turtle_controller_test_vii script to /home/susana/PEC/install/my_robot_controller/lib/my_robot_controller
[2.209s] writing list of installed files to '/home/susana/PEC/build/my_robot_controller/install.log'
[2.254s] Invoked command in '/home/susana/PEC/src/my_robot_controller' returned '0': PYTHONPATH=/home/susana/PEC/build/my_robot_controller/prefix_override:/usr/lib/python3/dist-packages/colcon_core/task/python/colcon_distutils_commands:/home/susana/PEC/install/my_robot_controller/lib/python3.10/site-packages:${PYTHONPATH} /usr/bin/python3 -W ignore:setup.py install is deprecated -W ignore:easy_install command is deprecated setup.py egg_info --egg-base ../../build/my_robot_controller build --build-base /home/susana/PEC/build/my_robot_controller/build install --record /home/susana/PEC/build/my_robot_controller/install.log --single-version-externally-managed install_data
