[1.081s] Invoking command in '/home/susana/ros2_ws/src/my_robot_controller': PYTHONPATH=/home/susana/ros2_ws/build/my_robot_controller/prefix_override:/usr/lib/python3/dist-packages/colcon_core/task/python/colcon_distutils_commands:/home/susana/ros2_ws/install/my_robot_controller/lib/python3.10/site-packages:${PYTHONPATH} /usr/bin/python3 -W ignore:setup.py install is deprecated -W ignore:easy_install command is deprecated setup.py egg_info --egg-base ../../build/my_robot_controller build --build-base /home/susana/ros2_ws/build/my_robot_controller/build install --record /home/susana/ros2_ws/build/my_robot_controller/install.log --single-version-externally-managed install_data
[1.518s] running egg_info
[1.520s] writing ../../build/my_robot_controller/my_robot_controller.egg-info/PKG-INFO
[1.521s] writing dependency_links to ../../build/my_robot_controller/my_robot_controller.egg-info/dependency_links.txt
[1.522s] writing entry points to ../../build/my_robot_controller/my_robot_controller.egg-info/entry_points.txt
[1.523s] writing requirements to ../../build/my_robot_controller/my_robot_controller.egg-info/requires.txt
[1.524s] writing top-level names to ../../build/my_robot_controller/my_robot_controller.egg-info/top_level.txt
[1.528s] reading manifest file '../../build/my_robot_controller/my_robot_controller.egg-info/SOURCES.txt'
[1.530s] writing manifest file '../../build/my_robot_controller/my_robot_controller.egg-info/SOURCES.txt'
[1.531s] running build
[1.532s] running build_py
[1.532s] copying my_robot_controller/turtle_controller_test_vii.py -> /home/susana/ros2_ws/build/my_robot_controller/build/lib/my_robot_controller
[1.534s] running install
[1.534s] running install_lib
[1.536s] copying /home/susana/ros2_ws/build/my_robot_controller/build/lib/my_robot_controller/turtle_controller_test_vii.py -> /home/susana/ros2_ws/install/my_robot_controller/lib/python3.10/site-packages/my_robot_controller
[1.540s] byte-compiling /home/susana/ros2_ws/install/my_robot_controller/lib/python3.10/site-packages/my_robot_controller/turtle_controller_test_vii.py to turtle_controller_test_vii.cpython-310.pyc
[1.542s] running install_data
[1.542s] running install_egg_info
[1.545s] removing '/home/susana/ros2_ws/install/my_robot_controller/lib/python3.10/site-packages/my_robot_controller-0.0.0-py3.10.egg-info' (and everything under it)
[1.546s] Copying ../../build/my_robot_controller/my_robot_controller.egg-info to /home/susana/ros2_ws/install/my_robot_controller/lib/python3.10/site-packages/my_robot_controller-0.0.0-py3.10.egg-info
[1.547s] running install_scripts
[1.587s] Installing draw_circle script to /home/susana/ros2_ws/install/my_robot_controller/lib/my_robot_controller
[1.588s] Installing pose_subscriber script to /home/susana/ros2_ws/install/my_robot_controller/lib/my_robot_controller
[1.588s] Installing test_node script to /home/susana/ros2_ws/install/my_robot_controller/lib/my_robot_controller
[1.589s] Installing turtle_controller script to /home/susana/ros2_ws/install/my_robot_controller/lib/my_robot_controller
[1.590s] Installing turtle_controller_test script to /home/susana/ros2_ws/install/my_robot_controller/lib/my_robot_controller
[1.591s] Installing turtle_controller_test_vii script to /home/susana/ros2_ws/install/my_robot_controller/lib/my_robot_controller
[1.593s] writing list of installed files to '/home/susana/ros2_ws/build/my_robot_controller/install.log'
[1.635s] Invoked command in '/home/susana/ros2_ws/src/my_robot_controller' returned '0': PYTHONPATH=/home/susana/ros2_ws/build/my_robot_controller/prefix_override:/usr/lib/python3/dist-packages/colcon_core/task/python/colcon_distutils_commands:/home/susana/ros2_ws/install/my_robot_controller/lib/python3.10/site-packages:${PYTHONPATH} /usr/bin/python3 -W ignore:setup.py install is deprecated -W ignore:easy_install command is deprecated setup.py egg_info --egg-base ../../build/my_robot_controller build --build-base /home/susana/ros2_ws/build/my_robot_controller/build install --record /home/susana/ros2_ws/build/my_robot_controller/install.log --single-version-externally-managed install_data
