[0.524s] Invoking command in '/home/susana/ros2_ws/build/my_robot_controller': PYTHONPATH=/home/susana/ros2_ws/build/my_robot_controller/prefix_override:/usr/lib/python3/dist-packages/colcon_core/task/python/colcon_distutils_commands:/home/susana/ros2_ws/install/my_robot_controller/lib/python3.10/site-packages:${PYTHONPATH} /usr/bin/python3 -W ignore:setup.py install is deprecated -W ignore:easy_install command is deprecated setup.py develop --editable --build-directory /home/susana/ros2_ws/build/my_robot_controller/build --no-deps symlink_data
[0.752s] running develop
[0.893s] running egg_info
[0.893s] writing my_robot_controller.egg-info/PKG-INFO
[0.894s] writing dependency_links to my_robot_controller.egg-info/dependency_links.txt
[0.894s] writing entry points to my_robot_controller.egg-info/entry_points.txt
[0.894s] writing requirements to my_robot_controller.egg-info/requires.txt
[0.895s] writing top-level names to my_robot_controller.egg-info/top_level.txt
[0.897s] reading manifest file 'my_robot_controller.egg-info/SOURCES.txt'
[0.898s] writing manifest file 'my_robot_controller.egg-info/SOURCES.txt'
[0.899s] running build_ext
[0.899s] Creating /home/susana/ros2_ws/install/my_robot_controller/lib/python3.10/site-packages/my-robot-controller.egg-link (link to .)
[0.900s] Installing draw_circle script to /home/susana/ros2_ws/install/my_robot_controller/lib/my_robot_controller
[0.900s] Installing pose_subscriber script to /home/susana/ros2_ws/install/my_robot_controller/lib/my_robot_controller
[0.900s] Installing test_node script to /home/susana/ros2_ws/install/my_robot_controller/lib/my_robot_controller
[0.901s] Installing turtle_controller script to /home/susana/ros2_ws/install/my_robot_controller/lib/my_robot_controller
[0.901s] 
[0.901s] Installed /home/susana/ros2_ws/build/my_robot_controller
[0.901s] running symlink_data
[0.929s] Invoked command in '/home/susana/ros2_ws/build/my_robot_controller' returned '0': PYTHONPATH=/home/susana/ros2_ws/build/my_robot_controller/prefix_override:/usr/lib/python3/dist-packages/colcon_core/task/python/colcon_distutils_commands:/home/susana/ros2_ws/install/my_robot_controller/lib/python3.10/site-packages:${PYTHONPATH} /usr/bin/python3 -W ignore:setup.py install is deprecated -W ignore:easy_install command is deprecated setup.py develop --editable --build-directory /home/susana/ros2_ws/build/my_robot_controller/build --no-deps symlink_data
